<?xml version="1.0" encoding="UTF-8"?>
<testsuite name="auto.DefinitionTestSuite" time="6.877" tests="15" errors="0" skipped="0" failures="0">
  <properties>
[...]
</properties>
  <testcase name="Given user go to page https://login.skype.com/login" classname="Scenario: Login fail with valid Skype name and invalid password" time="0.001"/>
  <testcase name="And enter valid skype name is &quot;phuongtt6103&quot; and invalid password is &quot;123456dh&quot;" classname="Scenario: Login fail with valid Skype name and invalid password" time="0.001"/>
  <testcase name="When user click Signin button" classname="Scenario: Login fail with valid Skype name and invalid password" time="0"/>
  <testcase name="Then page show message &quot;Signing in failed. Please double-check your Skype Name and re-enter your password.&quot;" classname="Scenario: Login fail with valid Skype name and invalid password" time="0"/>
  <testcase name="Scenario: Login fail with valid Skype name and invalid password" classname="Scenario: Login fail with valid Skype name and invalid password" time="5.256"/>
  <testcase name="Given user go to page https://login.skype.com/login" classname="Scenario: Login fail with invalid Skype name and valid password" time="0"/>
  <testcase name="And enter invalid skype name is &quot;phuongtt6103tt&quot; and valid password is &quot;Phuong123456&quot;" classname="Scenario: Login fail with invalid Skype name and valid password" time="0"/>
  <testcase name="When user click Signin button" classname="Scenario: Login fail with invalid Skype name and valid password" time="0"/>
  <testcase name="Then page show message &quot;Signing in failed. Please double-check your Skype Name and re-enter your password.&quot;" classname="Scenario: Login fail with invalid Skype name and valid password" time="0.001"/>
  <testcase name="Scenario: Login fail with invalid Skype name and valid password" classname="Scenario: Login fail with invalid Skype name and valid password" time="0.736"/>
  <testcase name="Given user go to page https://login.skype.com/login" classname="Scenario: Login fail with valid Skype name and valid password" time="0"/>
  <testcase name="And enter valid skype name is &quot;phuongtt6103&quot; and valid password is &quot;Phuong123456&quot;" classname="Scenario: Login fail with valid Skype name and valid password" time="0"/>
  <testcase name="When user click Signin button" classname="Scenario: Login fail with valid Skype name and valid password" time="0"/>
  <testcase name="Then page direct to home page with title is &quot;Skype My Account&quot;" classname="Scenario: Login fail with valid Skype name and valid password" time="0"/>
  <testcase name="Scenario: Login fail with valid Skype name and valid password" classname="Scenario: Login fail with valid Skype name and valid password" time="0.882"/>
</testsuite>